<?xml version="1.0" encoding="UTF-8"?>
<testsuite name="com.drugTest.coding.assignment.service.BIAnalysisServiceTest" tests="20" skipped="0" failures="0" errors="0" timestamp="2020-03-23T05:31:49" hostname="DESKTOP-0P3VO42" time="0.203">
  <properties/>
  <testcase name="multipleSwitchesInOneSequence" classname="com.drugTest.coding.assignment.service.BIAnalysisServiceTest" time="0.027"/>
  <testcase name="BandIWithGapInBetween" classname="com.drugTest.coding.assignment.service.BIAnalysisServiceTest" time="0.002"/>
  <testcase name="singleAlternateStart" classname="com.drugTest.coding.assignment.service.BIAnalysisServiceTest" time="0.001"/>
  <testcase name="simpleTrialB" classname="com.drugTest.coding.assignment.service.BIAnalysisServiceTest" time="0.003"/>
  <testcase name="simpleTrialI" classname="com.drugTest.coding.assignment.service.BIAnalysisServiceTest" time="0.002"/>
  <testcase name="multipleSwitchesAfterGap" classname="com.drugTest.coding.assignment.service.BIAnalysisServiceTest" time="0.001"/>
  <testcase name="multipleSwitchesWithGap" classname="com.drugTest.coding.assignment.service.BIAnalysisServiceTest" time="0.001"/>
  <testcase name="PatientsByTypeTest" classname="com.drugTest.coding.assignment.service.BIAnalysisServiceTest" time="0.002"/>
  <testcase name="switchBI" classname="com.drugTest.coding.assignment.service.BIAnalysisServiceTest" time="0.001"/>
  <testcase name="switchIB" classname="com.drugTest.coding.assignment.service.BIAnalysisServiceTest" time="0.001"/>
  <testcase name="allB" classname="com.drugTest.coding.assignment.service.BIAnalysisServiceTest" time="0.0"/>
  <testcase name="allI" classname="com.drugTest.coding.assignment.service.BIAnalysisServiceTest" time="0.001"/>
  <testcase name="PatientDataByIdTest" classname="com.drugTest.coding.assignment.service.BIAnalysisServiceTest" time="0.001"/>
  <testcase name="multipleTrialsWithGap" classname="com.drugTest.coding.assignment.service.BIAnalysisServiceTest" time="0.001"/>
  <testcase name="correctlyUsedDrugsWithGaps" classname="com.drugTest.coding.assignment.service.BIAnalysisServiceTest" time="0.002"/>
  <testcase name="multipleTrialsInOneSequence" classname="com.drugTest.coding.assignment.service.BIAnalysisServiceTest" time="0.001"/>
  <testcase name="simpleSwitchBI" classname="com.drugTest.coding.assignment.service.BIAnalysisServiceTest" time="0.001"/>
  <testcase name="simpleSwitchIB" classname="com.drugTest.coding.assignment.service.BIAnalysisServiceTest" time="0.002"/>
  <testcase name="clearViolation" classname="com.drugTest.coding.assignment.service.BIAnalysisServiceTest" time="0.002"/>
  <testcase name="singleAlternateEnd" classname="com.drugTest.coding.assignment.service.BIAnalysisServiceTest" time="0.003"/>
  <system-out><![CDATA[]]></system-out>
  <system-err><![CDATA[]]></system-err>
</testsuite>
